<?xml version="1.0" encoding="UTF-8"?>
<!-- Generated by org.testng.reporters.JUnitXMLReporter -->
<testsuite hostname="LAPTOP-6ROBNL6Q" ignored="0" name="Command line test" tests="4" failures="1" timestamp="24 May 2021 04:57:58 GMT" time="162.684" errors="0">
  <testcase name="TestRegistrationForm" time="17.057" classname="com.Pkg.FunctionalityTest"/>
  <testcase name="ClickOnEdit" time="1.325" classname="com.Pkg.TestNGAnnotation"/>
  <testcase name="TestRegistrationForm" time="21.916" classname="FunctionalityTest">
    <failure type="org.openqa.selenium.NoSuchElementException" message="Cannot locate element with text: C
For documentation on this error, please visit: http://seleniumhq.org/exceptions/no_such_element.html
Build info: version: &amp;apos;3.14.0&amp;apos;, revision: &amp;apos;aacccce0&amp;apos;, time: &amp;apos;2018-08-02T20:19:58.91Z&amp;apos;
System info: host: &amp;apos;LAPTOP-6ROBNL6Q&amp;apos;, ip: &amp;apos;192.168.206.206&amp;apos;, os.name: &amp;apos;Windows 10&amp;apos;, os.arch: &amp;apos;amd64&amp;apos;, os.version: &amp;apos;10.0&amp;apos;, java.version: &amp;apos;1.8.0_281&amp;apos;
Driver info: driver.version: unknown">
      <![CDATA[org.openqa.selenium.NoSuchElementException: Cannot locate element with text: C
For documentation on this error, please visit: http://seleniumhq.org/exceptions/no_such_element.html
Build info: version: '3.14.0', revision: 'aacccce0', time: '2018-08-02T20:19:58.91Z'
System info: host: 'LAPTOP-6ROBNL6Q', ip: '192.168.206.206', os.name: 'Windows 10', os.arch: 'amd64', os.version: '10.0', java.version: '1.8.0_281'
Driver info: driver.version: unknown
	at org.openqa.selenium.support.ui.Select.selectByVisibleText(Select.java:151)
	at FunctionalityTest.TestRegistrationForm(FunctionalityTest.java:87)
... Removed 35 stack frames]]>
    </failure>
  </testcase> <!-- TestRegistrationForm -->
  <testcase name="ClickOnEdit" time="1.051" classname="TestNGAnnotation"/>
</testsuite> <!-- Command line test -->
